<?xml version="1.0" encoding="UTF-8"?>
<!--
  ~ Copyright Â© 2019 Apple Inc. and the ServiceTalk project authors
  ~
  ~ Licensed under the Apache License, Version 2.0 (the "License");
  ~ you may not use this file except in compliance with the License.
  ~ You may obtain a copy of the License at
  ~
  ~   http://www.apache.org/licenses/LICENSE-2.0
  ~
  ~ Unless required by applicable law or agreed to in writing, software
  ~ distributed under the License is distributed on an "AS IS" BASIS,
  ~ WITHOUT WARRANTIES OR CONDITIONS OF ANY KIND, either express or implied.
  ~ See the License for the specific language governing permissions and
  ~ limitations under the License.
  -->
<FindBugsFilter>
  <!-- Generated code by protobuf can be ignored -->
  <Match>
    <Or>
      <Source name="~CompatGrpc\.java"/>
      <Source name="~EsTesterGrpc\.java"/>
      <Source name="~TesterGrpc\.java"/>
      <Source name="~CompatProto\.java"/>
      <Source name="~EsProto\.java"/>
      <Source name="~TesterProto\.java"/>
      <Source name="~HelloReply\.java"/>
      <Source name="~HelloRequest\.java"/>
    </Or>
  </Match>
  <Match>
    <Class name="io.servicetalk.grpc.netty.ExecutionStrategyTest$RouteApi"/>
    <Method name="extractResponse"/>
    <Bug pattern="RCN_REDUNDANT_NULLCHECK_WOULD_HAVE_BEEN_A_NPE"/>
  </Match>
  <!-- false positive in Java 11, see https://github.com/spotbugs/spotbugs/issues/756 -->
  <Match>
    <Class name="io.servicetalk.grpc.netty.GrpcServiceContextProtocolTest"/>
    <Or>
      <Method name="testBiDiStream"/>
      <Method name="testResponseStream"/>
    </Or>
    <Bug pattern="RCN_REDUNDANT_NULLCHECK_WOULD_HAVE_BEEN_A_NPE"/>
  </Match>
</FindBugsFilter>
