<?xml version="1.0" encoding="UTF-8"?>
<!--
  ~ Copyright Â© 2019 Apple Inc. and the ServiceTalk project authors
  ~
  ~ Licensed under the Apache License, Version 2.0 (the "License");
  ~ you may not use this file except in compliance with the License.
  ~ You may obtain a copy of the License at
  ~
  ~   http://www.apache.org/licenses/LICENSE-2.0
  ~
  ~ Unless required by applicable law or agreed to in writing, software
  ~ distributed under the License is distributed on an "AS IS" BASIS,
  ~ WITHOUT WARRANTIES OR CONDITIONS OF ANY KIND, either express or implied.
  ~ See the License for the specific language governing permissions and
  ~ limitations under the License.
  -->
<FindBugsFilter>
  <!-- Fields are usually initialized in @BeforeClass/@Before methods instead of constructors for tests -->
  <Match>
    <Source name="~.*Test\.java"/>
    <Bug pattern="NP_NONNULL_FIELD_NOT_INITIALIZED_IN_CONSTRUCTOR"/>
  </Match>
  <Match>
    <Source name="~.*Test\.java"/>
    <Bug pattern="UR_UNINIT_READ"/>
  </Match>
  <!-- Not interested in returned values -->
  <Match>
    <Source name="~.*BlockingStreamingHttpServiceTest\.java"/>
    <Method name="handle"/>
    <Bug pattern="RR_NOT_CHECKED"/>
  </Match>
  <!-- Iterator which never throws -->
  <Match>
    <Or>
      <Class name="io.servicetalk.http.api.FormUrlEncodedHttpSerializerTest$1"/>
      <Class name="io.servicetalk.http.api.FormUrlEncodedHttpDeserializerTest$1"/>
    </Or>
    <Method name="next"/>
    <Bug pattern="IT_NO_SUCH_ELEMENT"/>
  </Match>
  <!-- Deliberately passing null to verify validations -->
  <Match>
    <Class name="io.servicetalk.http.api.InvalidMetadataValuesTest"/>
    <Bug pattern="NP_NONNULL_PARAM_VIOLATION"/>
  </Match>
  <Match>
    <!-- Mock returns null -->
    <Class name="io.servicetalk.http.api.StrategyInfluencerChainBuilderTest"/>
    <Bug pattern="RV_RETURN_VALUE_IGNORED_NO_SIDE_EFFECT"/>
  </Match>
  <Match>
    <Source name="~.*Test.*\.java"/>
    <Bug pattern="THROWS_METHOD_THROWS_CLAUSE_BASIC_EXCEPTION"/>
  </Match>
  <Match>
    <Source name="~.*Test.*\.java"/>
    <Bug pattern="THROWS_METHOD_THROWS_CLAUSE_THROWABLE"/>
  </Match>
</FindBugsFilter>
