<?xml version="1.0" encoding="UTF-8"?>
<!--
  ~ Copyright Â© 2019 Apple Inc. and the ServiceTalk project authors
  ~
  ~ Licensed under the Apache License, Version 2.0 (the "License");
  ~ you may not use this file except in compliance with the License.
  ~ You may obtain a copy of the License at
  ~
  ~   http://www.apache.org/licenses/LICENSE-2.0
  ~
  ~ Unless required by applicable law or agreed to in writing, software
  ~ distributed under the License is distributed on an "AS IS" BASIS,
  ~ WITHOUT WARRANTIES OR CONDITIONS OF ANY KIND, either express or implied.
  ~ See the License for the specific language governing permissions and
  ~ limitations under the License.
  -->
<FindBugsFilter>
  <!-- Fields are usually initialized in @BeforeClass/@Before methods instead of constructors for tests -->
  <Match>
    <Source name="~.*Test\.java"/>
    <Bug pattern="NP_NONNULL_FIELD_NOT_INITIALIZED_IN_CONSTRUCTOR"/>
  </Match>
  <!-- Not interested in returned values -->
  <Match>
    <Source name="~.*Test\.java"/>
    <Bug pattern="RV_RETURN_VALUE_IGNORED_NO_SIDE_EFFECT"/>
  </Match>
  <!-- jUnit5 requires @Nested test classes to be non-static -->
  <Match>
    <Source name="~.*Test\.java"/>
    <Bug pattern="SIC_INNER_SHOULD_BE_STATIC"/>
  </Match>
</FindBugsFilter>
